\BOOKMARK [0][-]{section*.2}{Conte\372do}{}% 1
\BOOKMARK [0][-]{section*.3}{Lista de Figuras}{}% 2
\BOOKMARK [0][-]{section*.4}{Lista de Tabelas}{}% 3
\BOOKMARK [0][-]{chapter.1}{Introdu\347\343o}{}% 4
\BOOKMARK [1][-]{section.1.1}{Enquadramento}{chapter.1}% 5
\BOOKMARK [1][-]{section.1.2}{Motiva\347\343o}{chapter.1}% 6
\BOOKMARK [1][-]{section.1.3}{Objetivos}{chapter.1}% 7
\BOOKMARK [1][-]{section.1.4}{Organiza\347\343o do Documento}{chapter.1}% 8
\BOOKMARK [0][-]{chapter.2}{Estado da Arte}{}% 9
\BOOKMARK [1][-]{section.2.1}{Introdu\347\343o}{chapter.2}% 10
\BOOKMARK [1][-]{section.2.2}{Trabalhos relacionados}{chapter.2}% 11
\BOOKMARK [1][-]{section.2.3}{Descri\347\343o do Protocolo}{chapter.2}% 12
\BOOKMARK [2][-]{subsection.2.3.1}{Estrutura do Diret\363rio}{section.2.3}% 13
\BOOKMARK [2][-]{subsection.2.3.2}{Caracter\355sticas do Diret\363rio}{section.2.3}% 14
\BOOKMARK [2][-]{subsection.2.3.3}{Estruturas de Dados}{section.2.3}% 15
\BOOKMARK [1][-]{section.2.4}{Conclus\365es}{chapter.2}% 16
\BOOKMARK [0][-]{chapter.3}{Especifica\347\343o}{}% 17
\BOOKMARK [1][-]{section.3.1}{Introdu\347\343o}{chapter.3}% 18
\BOOKMARK [1][-]{section.3.2}{Node}{chapter.3}% 19
\BOOKMARK [2][-]{subsection.3.2.1}{Owner Terminal}{section.3.2}% 20
\BOOKMARK [3][-]{subsubsection.3.2.1.1}{Rece\347\343o de um pedido Access Request}{subsection.3.2.1}% 21
\BOOKMARK [2][-]{subsection.3.2.2}{Owner With Request}{section.3.2}% 22
\BOOKMARK [3][-]{subsubsection.3.2.2.1}{Rece\347\343o de um pedido Access Request}{subsection.3.2.2}% 23
\BOOKMARK [3][-]{subsubsection.3.2.2.2}{Ced\352ncia do Objeto}{subsection.3.2.2}% 24
\BOOKMARK [2][-]{subsection.3.2.3}{Idle}{section.3.2}% 25
\BOOKMARK [3][-]{subsubsection.3.2.3.1}{Rece\347\343o de um pedido Access Request}{subsection.3.2.3}% 26
\BOOKMARK [3][-]{subsubsection.3.2.3.2}{Realiza\347\343o de um pedido de acesso}{subsection.3.2.3}% 27
\BOOKMARK [2][-]{subsection.3.2.4}{Waiter Terminal}{section.3.2}% 28
\BOOKMARK [3][-]{subsubsection.3.2.4.1}{Rece\347\343o de um pedido Access Request}{subsection.3.2.4}% 29
\BOOKMARK [3][-]{subsubsection.3.2.4.2}{Rece\347\343o acesso ao objeto}{subsection.3.2.4}% 30
\BOOKMARK [2][-]{subsection.3.2.5}{Waiter With Request}{section.3.2}% 31
\BOOKMARK [3][-]{subsubsection.3.2.5.1}{Rece\347\343o de um pedido Access Request}{subsection.3.2.5}% 32
\BOOKMARK [3][-]{subsubsection.3.2.5.2}{Rece\347\343o acesso ao objeto}{subsection.3.2.5}% 33
\BOOKMARK [1][-]{section.3.3}{Atributos do Node}{chapter.3}% 34
\BOOKMARK [2][-]{subsection.3.3.1}{Find}{section.3.3}% 35
\BOOKMARK [2][-]{subsection.3.3.2}{MyChan}{section.3.3}% 36
\BOOKMARK [2][-]{subsection.3.3.3}{Link}{section.3.3}% 37
\BOOKMARK [2][-]{subsection.3.3.4}{Obj}{section.3.3}% 38
\BOOKMARK [2][-]{subsection.3.3.5}{WaiterChan}{section.3.3}% 39
\BOOKMARK [1][-]{section.3.4}{Channels}{chapter.3}% 40
\BOOKMARK [2][-]{subsection.3.4.1}{Access Request}{section.3.4}% 41
\BOOKMARK [2][-]{subsection.3.4.2}{Give Access}{section.3.4}% 42
\BOOKMARK [1][-]{section.3.5}{Conclus\365es}{chapter.3}% 43
\BOOKMARK [0][-]{chapter.4}{Tecnologias e Ferramentas Utilizadas}{}% 44
\BOOKMARK [1][-]{section.4.1}{Introdu\347\343o}{chapter.4}% 45
\BOOKMARK [1][-]{section.4.2}{Linguagens de Programa\347\343o}{chapter.4}% 46
\BOOKMARK [2][-]{subsection.4.2.1}{Go}{section.4.2}% 47
\BOOKMARK [2][-]{subsection.4.2.2}{JavaScript}{section.4.2}% 48
\BOOKMARK [1][-]{section.4.3}{Ferramentas de Edi\347\343o de C\363digo}{chapter.4}% 49
\BOOKMARK [1][-]{section.4.4}{Bibliotecas}{chapter.4}% 50
\BOOKMARK [2][-]{subsection.4.4.1}{gorilla/mux}{section.4.4}% 51
\BOOKMARK [2][-]{subsection.4.4.2}{D3.JS}{section.4.4}% 52
\BOOKMARK [1][-]{section.4.5}{Outras Tecnologias}{chapter.4}% 53
\BOOKMARK [2][-]{subsection.4.5.1}{Docker}{section.4.5}% 54
\BOOKMARK [1][-]{section.4.6}{Outras Ferramentas}{chapter.4}% 55
\BOOKMARK [2][-]{subsection.4.6.1}{Github}{section.4.6}% 56
\BOOKMARK [2][-]{subsection.4.6.2}{Lazydocker}{section.4.6}% 57
\BOOKMARK [1][-]{section.4.7}{Conclus\365es}{chapter.4}% 58
\BOOKMARK [0][-]{chapter.5}{Implementa\347\343o}{}% 59
\BOOKMARK [1][-]{section.5.1}{Introdu\347\343o}{chapter.5}% 60
\BOOKMARK [1][-]{section.5.2}{Escolhas de Implementa\347\343o}{chapter.5}% 61
\BOOKMARK [1][-]{section.5.3}{Detalhes de Implementa\347\343o}{chapter.5}% 62
\BOOKMARK [1][-]{section.5.4}{Classe Node}{chapter.5}% 63
\BOOKMARK [1][-]{section.5.5}{Atributos da Classe}{chapter.5}% 64
\BOOKMARK [1][-]{section.5.6}{Inicializa\347\343o do objeto ``Self Node''}{chapter.5}% 65
\BOOKMARK [1][-]{section.5.7}{Comportamentos}{chapter.5}% 66
\BOOKMARK [2][-]{subsection.5.7.1}{Rece\347\343o de um pedido Access Request}{section.5.7}% 67
\BOOKMARK [2][-]{subsection.5.7.2}{Ced\352ncia do Objeto}{section.5.7}% 68
\BOOKMARK [2][-]{subsection.5.7.3}{Realiza\347\343o de um pedido de acesso}{section.5.7}% 69
\BOOKMARK [2][-]{subsection.5.7.4}{Rece\347\343o acesso ao objeto}{section.5.7}% 70
\BOOKMARK [1][-]{section.5.8}{Transforma\347\365es do Node}{chapter.5}% 71
\BOOKMARK [1][-]{section.5.9}{Tipos de Nodes}{chapter.5}% 72
\BOOKMARK [1][-]{section.5.10}{Comunica\347\343o entre Nodes}{chapter.5}% 73
\BOOKMARK [1][-]{section.5.11}{Classes de Channels}{chapter.5}% 74
\BOOKMARK [1][-]{section.5.12}{Implementa\347\343o da Visualiza\347\343o}{chapter.5}% 75
\BOOKMARK [1][-]{section.5.13}{Conclus\365es}{chapter.5}% 76
\BOOKMARK [0][-]{chapter.6}{Visualiza\347\343o}{}% 77
\BOOKMARK [1][-]{section.6.1}{Introdu\347\343o}{chapter.6}% 78
\BOOKMARK [1][-]{section.6.2}{Atualiza\347\343o dos Dados}{chapter.6}% 79
\BOOKMARK [1][-]{section.6.3}{Representa\347\343o da Rede}{chapter.6}% 80
\BOOKMARK [2][-]{subsection.6.3.1}{Nodes}{section.6.3}% 81
\BOOKMARK [2][-]{subsection.6.3.2}{Links}{section.6.3}% 82
\BOOKMARK [2][-]{subsection.6.3.3}{Fila}{section.6.3}% 83
\BOOKMARK [2][-]{subsection.6.3.4}{Hist\363rico de Pedidos}{section.6.3}% 84
\BOOKMARK [2][-]{subsection.6.3.5}{Hist\363rico de Owners}{section.6.3}% 85
\BOOKMARK [1][-]{section.6.4}{Conclus\365es}{chapter.6}% 86
\BOOKMARK [0][-]{chapter.7}{Reflex\343o Cr\355tica}{}% 87
\BOOKMARK [1][-]{section.7.1}{Introdu\347\343o}{chapter.7}% 88
\BOOKMARK [1][-]{section.7.2}{Escolhas de Implementa\347\343o}{chapter.7}% 89
\BOOKMARK [1][-]{section.7.3}{Detalhes de Implementa\347\343o}{chapter.7}% 90
\BOOKMARK [1][-]{section.7.4}{Conclus\365es}{chapter.7}% 91
\BOOKMARK [0][-]{chapter.8}{Conclus\365es e Trabalho Futuro}{}% 92
\BOOKMARK [1][-]{section.8.1}{Conclus\365es Principais}{chapter.8}% 93
\BOOKMARK [1][-]{section.8.2}{Trabalho Futuro}{chapter.8}% 94
\BOOKMARK [0][-]{chapter*.11}{Bibliografia}{}% 95
